Performing C SOURCE FILE Test CMAKE_HAVE_LIBC_PTHREAD failed with the following output:
Change Dir: /home/ali/gazebo_magnet_plugin_ws/src/gazebo_magnet_force/cmake-build-debug/CMakeFiles/CMakeTmp

Run Build Command(s):/usr/bin/make cmTC_6a5af/fast && /usr/bin/make -f CMakeFiles/cmTC_6a5af.dir/build.make CMakeFiles/cmTC_6a5af.dir/build
make[1]: Entering directory '/home/ali/gazebo_magnet_plugin_ws/src/gazebo_magnet_force/cmake-build-debug/CMakeFiles/CMakeTmp'
Building C object CMakeFiles/cmTC_6a5af.dir/src.c.o
/usr/lib/ccache/cc   -DCMAKE_HAVE_LIBC_PTHREAD   -o CMakeFiles/cmTC_6a5af.dir/src.c.o   -c /home/ali/gazebo_magnet_plugin_ws/src/gazebo_magnet_force/cmake-build-debug/CMakeFiles/CMakeTmp/src.c
Linking C executable cmTC_6a5af
/home/ali/Downloads/CLion-2020.1.1/clion-2020.1.1/bin/cmake/linux/bin/cmake -E cmake_link_script CMakeFiles/cmTC_6a5af.dir/link.txt --verbose=1
/usr/lib/ccache/cc  -DCMAKE_HAVE_LIBC_PTHREAD    -rdynamic CMakeFiles/cmTC_6a5af.dir/src.c.o  -o cmTC_6a5af 
CMakeFiles/cmTC_6a5af.dir/src.c.o: In function `main':
src.c:(.text+0x3e): undefined reference to `pthread_create'
src.c:(.text+0x4a): undefined reference to `pthread_detach'
src.c:(.text+0x5b): undefined reference to `pthread_join'
src.c:(.text+0x6f): undefined reference to `pthread_atfork'
collect2: error: ld returned 1 exit status
CMakeFiles/cmTC_6a5af.dir/build.make:86: recipe for target 'cmTC_6a5af' failed
make[1]: *** [cmTC_6a5af] Error 1
make[1]: Leaving directory '/home/ali/gazebo_magnet_plugin_ws/src/gazebo_magnet_force/cmake-build-debug/CMakeFiles/CMakeTmp'
Makefile:121: recipe for target 'cmTC_6a5af/fast' failed
make: *** [cmTC_6a5af/fast] Error 2


Source file was:
#include <pthread.h>

void* test_func(void* data)
{
  return data;
}

int main(void)
{
  pthread_t thread;
  pthread_create(&thread, NULL, test_func, NULL);
  pthread_detach(thread);
  pthread_join(thread, NULL);
  pthread_atfork(NULL, NULL, NULL);
  pthread_exit(NULL);

  return 0;
}

Determining if the function pthread_create exists in the pthreads failed with the following output:
Change Dir: /home/ali/gazebo_magnet_plugin_ws/src/gazebo_magnet_force/cmake-build-debug/CMakeFiles/CMakeTmp

Run Build Command(s):/usr/bin/make cmTC_9d881/fast && /usr/bin/make -f CMakeFiles/cmTC_9d881.dir/build.make CMakeFiles/cmTC_9d881.dir/build
make[1]: Entering directory '/home/ali/gazebo_magnet_plugin_ws/src/gazebo_magnet_force/cmake-build-debug/CMakeFiles/CMakeTmp'
Building C object CMakeFiles/cmTC_9d881.dir/CheckFunctionExists.c.o
/usr/lib/ccache/cc   -DCHECK_FUNCTION_EXISTS=pthread_create   -o CMakeFiles/cmTC_9d881.dir/CheckFunctionExists.c.o   -c /home/ali/Downloads/CLion-2020.1.1/clion-2020.1.1/bin/cmake/linux/share/cmake-3.16/Modules/CheckFunctionExists.c
Linking C executable cmTC_9d881
/home/ali/Downloads/CLion-2020.1.1/clion-2020.1.1/bin/cmake/linux/bin/cmake -E cmake_link_script CMakeFiles/cmTC_9d881.dir/link.txt --verbose=1
/usr/lib/ccache/cc  -DCHECK_FUNCTION_EXISTS=pthread_create    -rdynamic CMakeFiles/cmTC_9d881.dir/CheckFunctionExists.c.o  -o cmTC_9d881  -lpthreads 
/usr/bin/ld: cannot find -lpthreads
collect2: error: ld returned 1 exit status
CMakeFiles/cmTC_9d881.dir/build.make:86: recipe for target 'cmTC_9d881' failed
make[1]: *** [cmTC_9d881] Error 1
make[1]: Leaving directory '/home/ali/gazebo_magnet_plugin_ws/src/gazebo_magnet_force/cmake-build-debug/CMakeFiles/CMakeTmp'
Makefile:121: recipe for target 'cmTC_9d881/fast' failed
make: *** [cmTC_9d881/fast] Error 2



