Determining if the pthread_create exist failed with the following output:
Change Dir: /home/ali/gazebo_magnet_plugin_ws/src/gazebo_magnet_force/build/CMakeFiles/CMakeTmp

Run Build Command:"/usr/bin/make" "cmTC_fbe5d/fast"
/usr/bin/make -f CMakeFiles/cmTC_fbe5d.dir/build.make CMakeFiles/cmTC_fbe5d.dir/build
make[1]: Entering directory '/home/ali/gazebo_magnet_plugin_ws/src/gazebo_magnet_force/build/CMakeFiles/CMakeTmp'
Building C object CMakeFiles/cmTC_fbe5d.dir/CheckSymbolExists.c.o
/usr/lib/ccache/cc    -o CMakeFiles/cmTC_fbe5d.dir/CheckSymbolExists.c.o   -c /home/ali/gazebo_magnet_plugin_ws/src/gazebo_magnet_force/build/CMakeFiles/CMakeTmp/CheckSymbolExists.c
Linking C executable cmTC_fbe5d
/usr/bin/cmake -E cmake_link_script CMakeFiles/cmTC_fbe5d.dir/link.txt --verbose=1
/usr/lib/ccache/cc      -rdynamic CMakeFiles/cmTC_fbe5d.dir/CheckSymbolExists.c.o  -o cmTC_fbe5d 
CMakeFiles/cmTC_fbe5d.dir/CheckSymbolExists.c.o: In function `main':
CheckSymbolExists.c:(.text+0x1b): undefined reference to `pthread_create'
collect2: error: ld returned 1 exit status
CMakeFiles/cmTC_fbe5d.dir/build.make:86: recipe for target 'cmTC_fbe5d' failed
make[1]: *** [cmTC_fbe5d] Error 1
make[1]: Leaving directory '/home/ali/gazebo_magnet_plugin_ws/src/gazebo_magnet_force/build/CMakeFiles/CMakeTmp'
Makefile:121: recipe for target 'cmTC_fbe5d/fast' failed
make: *** [cmTC_fbe5d/fast] Error 2

File /home/ali/gazebo_magnet_plugin_ws/src/gazebo_magnet_force/build/CMakeFiles/CMakeTmp/CheckSymbolExists.c:
/* */
#include <pthread.h>

int main(int argc, char** argv)
{
  (void)argv;
#ifndef pthread_create
  return ((int*)(&pthread_create))[argc];
#else
  (void)argc;
  return 0;
#endif
}

Determining if the function pthread_create exists in the pthreads failed with the following output:
Change Dir: /home/ali/gazebo_magnet_plugin_ws/src/gazebo_magnet_force/build/CMakeFiles/CMakeTmp

Run Build Command:"/usr/bin/make" "cmTC_3cdaa/fast"
/usr/bin/make -f CMakeFiles/cmTC_3cdaa.dir/build.make CMakeFiles/cmTC_3cdaa.dir/build
make[1]: Entering directory '/home/ali/gazebo_magnet_plugin_ws/src/gazebo_magnet_force/build/CMakeFiles/CMakeTmp'
Building C object CMakeFiles/cmTC_3cdaa.dir/CheckFunctionExists.c.o
/usr/lib/ccache/cc   -DCHECK_FUNCTION_EXISTS=pthread_create   -o CMakeFiles/cmTC_3cdaa.dir/CheckFunctionExists.c.o   -c /usr/share/cmake-3.13/Modules/CheckFunctionExists.c
Linking C executable cmTC_3cdaa
/usr/bin/cmake -E cmake_link_script CMakeFiles/cmTC_3cdaa.dir/link.txt --verbose=1
/usr/lib/ccache/cc  -DCHECK_FUNCTION_EXISTS=pthread_create    -rdynamic CMakeFiles/cmTC_3cdaa.dir/CheckFunctionExists.c.o  -o cmTC_3cdaa -lpthreads 
/usr/bin/ld: cannot find -lpthreads
collect2: error: ld returned 1 exit status
CMakeFiles/cmTC_3cdaa.dir/build.make:86: recipe for target 'cmTC_3cdaa' failed
make[1]: *** [cmTC_3cdaa] Error 1
make[1]: Leaving directory '/home/ali/gazebo_magnet_plugin_ws/src/gazebo_magnet_force/build/CMakeFiles/CMakeTmp'
Makefile:121: recipe for target 'cmTC_3cdaa/fast' failed
make: *** [cmTC_3cdaa/fast] Error 2


